<?xml version="1.0" encoding="UTF-8"?>
<testng-results ignored="0" total="1" passed="1" failed="0" skipped="0">
  <reporter-output>
  </reporter-output>
  <suite started-at="2025-01-09T17:03:29 IST" name="Suite" finished-at="2025-01-09T17:04:20 IST" duration-ms="51001">
    <groups>
    </groups>
    <test started-at="2025-01-09T17:03:29 IST" name="Test" finished-at="2025-01-09T17:04:20 IST" duration-ms="51001">
      <class name="testMethods.YahooFinanceTest">
        <test-method is-config="true" signature="initDriver(java.lang.String,java.lang.String,java.lang.String)[pri:0, instance:testMethods.YahooFinanceTest@2f67a4d3]" started-at="2025-01-09T17:03:29 IST" name="initDriver" finished-at="2025-01-09T17:04:11 IST" duration-ms="41999" status="PASS">
          <params>
            <param index="0">
              <value>
                <![CDATA[https://finance.yahoo.com/]]>
              </value>
            </param>
            <param index="1">
              <value>
                <![CDATA[chrome]]>
              </value>
            </param>
            <param index="2">
              <value>
                <![CDATA[false]]>
              </value>
            </param>
          </params>
          <reporter-output>
          </reporter-output>
        </test-method> <!-- initDriver -->
        <test-method signature="verifyStockDetailsFunctionality()[pri:0, instance:testMethods.YahooFinanceTest@2f67a4d3]" started-at="2025-01-09T17:04:11 IST" name="verifyStockDetailsFunctionality" finished-at="2025-01-09T17:04:17 IST" duration-ms="6601" status="PASS">
          <reporter-output>
          </reporter-output>
        </test-method> <!-- verifyStockDetailsFunctionality -->
        <test-method is-config="true" signature="cleanup()[pri:0, instance:testMethods.YahooFinanceTest@2f67a4d3]" started-at="2025-01-09T17:04:17 IST" name="cleanup" finished-at="2025-01-09T17:04:20 IST" duration-ms="2179" status="PASS">
          <reporter-output>
          </reporter-output>
        </test-method> <!-- cleanup -->
      </class> <!-- testMethods.YahooFinanceTest -->
    </test> <!-- Test -->
  </suite> <!-- Suite -->
</testng-results>
